[debug] [2022-12-31T18:41:07.800Z] ----------------------------------------------------------------------
[debug] [2022-12-31T18:41:07.802Z] Command:       C:\Program Files\nodejs\node.exe C:\Users\Administrator\AppData\Roaming\npm\node_modules\firebase-tools\lib\bin\firebase.js init hosting
[debug] [2022-12-31T18:41:07.802Z] CLI Version:   11.19.0
[debug] [2022-12-31T18:41:07.802Z] Platform:      win32
[debug] [2022-12-31T18:41:07.802Z] Node Version:  v18.12.1
[debug] [2022-12-31T18:41:07.803Z] Time:          Sat Dec 31 2022 10:41:07 GMT-0800 (Pacific Standard Time)
[debug] [2022-12-31T18:41:07.804Z] ----------------------------------------------------------------------
[debug] 
[debug] [2022-12-31T18:41:07.865Z] > command requires scopes: ["email","openid","https://www.googleapis.com/auth/cloudplatformprojects.readonly","https://www.googleapis.com/auth/firebase","https://www.googleapis.com/auth/cloud-platform"]
[debug] [2022-12-31T18:41:07.865Z] > authorizing via signed-in user (alan.kw.shi@gmail.com)
[info] 
     ######## #### ########  ######## ########     ###     ######  ########
     ##        ##  ##     ## ##       ##     ##  ##   ##  ##       ##
     ######    ##  ########  ######   ########  #########  ######  ######
     ##        ##  ##    ##  ##       ##     ## ##     ##       ## ##
     ##       #### ##     ## ######## ########  ##     ##  ######  ########

You're about to initialize a Firebase project in this directory:

  C:\Users\Administrator\Documents\GitHub\Big-Button

Before we get started, keep in mind:

  * You are initializing within an existing Firebase project directory

[info] 
=== Project Setup
[info] 
[info] First, let's associate this project directory with a Firebase project.
[info] You can create multiple project aliases by running firebase use --add, 
[info] but for now we'll just set up a default project.
[info] 
[debug] [2022-12-31T18:41:10.444Z] Using project from CLI flag: bigbutton-dbb8a
[debug] [2022-12-31T18:41:10.446Z] >>> [apiv2][query] GET https://firebase.googleapis.com/v1beta1/projects/bigbutton-dbb8a [none]
[debug] [2022-12-31T18:41:10.729Z] <<< [apiv2][status] GET https://firebase.googleapis.com/v1beta1/projects/bigbutton-dbb8a 200
[debug] [2022-12-31T18:41:10.729Z] <<< [apiv2][body] GET https://firebase.googleapis.com/v1beta1/projects/bigbutton-dbb8a {"projectId":"bigbutton-dbb8a","projectNumber":"172059893650","displayName":"BigButton","name":"projects/bigbutton-dbb8a","resources":{"hostingSite":"bigbutton-dbb8a","realtimeDatabaseInstance":"bigbutton-dbb8a-default-rtdb"},"state":"ACTIVE","etag":"1_1e4e535b-a77b-41b8-92b5-302c0afa01a8"}
[info] i  Using project bigbutton-dbb8a (BigButton) 
[info] 
=== Hosting Setup
[info] 
[info] Your public directory is the folder (relative to your project directory) that
[info] will contain Hosting assets to be uploaded with firebase deploy. If you
[info] have a build process for your assets, use your build's output directory.
[info] 
